<?xml version="1.0" encoding="UTF-8"?>
<!-- Generated by org.testng.reporters.JUnitReportReporter -->
<testsuite skipped="0" hostname="D075NADIE" name="theluxurycloset.SignUpBlankPassword" tests="1" failures="0" timestamp="31 Jul 2017 04:09:51 GMT" time="52.431" errors="0">
  <testcase name="signUpExistedEmail" time="52.431" classname="theluxurycloset.SignUpBlankPassword"/>
</testsuite> <!-- theluxurycloset.SignUpBlankPassword -->
