<?xml version="1.0" encoding="UTF-8"?>
<!-- Generated by org.testng.reporters.JUnitReportReporter -->
<testsuite skipped="0" hostname="D075NADIE" name="theluxurycloset.Login" tests="1" failures="0" timestamp="31 Jul 2017 10:19:42 GMT" time="49.098" errors="0">
  <testcase name="login" time="49.098" classname="theluxurycloset.Login"/>
</testsuite> <!-- theluxurycloset.Login -->
