<?xml version="1.0" encoding="UTF-8"?>
<!-- Generated by org.testng.reporters.JUnitReportReporter -->
<testsuite skipped="0" hostname="D075NADIE" name="theluxurycloset.FirstCaseTLC" tests="1" failures="0" timestamp="28 Jul 2017 03:08:22 GMT" time="48.740" errors="0">
  <testcase name="login" time="48.740" classname="theluxurycloset.FirstCaseTLC"/>
</testsuite> <!-- theluxurycloset.FirstCaseTLC -->
