<?xml version="1.0" encoding="UTF-8"?>
<!-- Generated by org.testng.reporters.JUnitReportReporter -->
<testsuite skipped="0" hostname="D075NADIE" name="theluxurycloset.ReadObjectRepository" tests="1" failures="0" timestamp="02 Aug 2017 10:14:37 GMT" time="86.494" errors="0">
  <testcase name="readObjectToLogin" time="86.494" classname="theluxurycloset.ReadObjectRepository"/>
</testsuite> <!-- theluxurycloset.ReadObjectRepository -->
